02/27/2025 06:08:59 PM: INFO: [+] -> Opening the Home page
02/27/2025 06:09:03 PM: INFO: [+] -> Maximizing the windows
02/27/2025 06:09:03 PM: INFO: [+] -> Verifying the title
02/27/2025 06:09:03 PM: INFO: [+] -> Title verification Succesfull
02/27/2025 06:23:49 PM: INFO: [+] -> Opening the Home page
02/27/2025 06:23:52 PM: INFO: [+] -> Maximizing the windows
02/27/2025 06:23:52 PM: INFO: [+] -> Verifying the title
02/27/2025 06:23:52 PM: INFO: [+] -> Title verification passed
02/27/2025 06:24:27 PM: INFO: [+] -> Opening the Home page
02/27/2025 06:24:31 PM: INFO: [+] -> Maximizing the windows
02/27/2025 06:24:31 PM: INFO: [+] -> Verifying the title
02/27/2025 06:24:31 PM: INFO: [+] -> Title verification passed
02/27/2025 06:24:35 PM: INFO: [+] -> Opening the Home page
02/27/2025 06:24:38 PM: INFO: [+] -> Maximizing the windows
02/27/2025 06:29:12 PM: INFO: [+] -> Opening the Home page
02/27/2025 06:29:15 PM: INFO: [+] -> Maximizing the windows
02/27/2025 06:29:15 PM: INFO: [+] -> Verifying the title
02/27/2025 06:29:15 PM: INFO: [+] -> Title verification passed
02/27/2025 06:29:19 PM: INFO: [+] -> Opening the Home page
02/27/2025 06:29:22 PM: INFO: [+] -> Maximizing the windows
02/27/2025 06:30:30 PM: INFO: [+] -> Opening the Home page
02/27/2025 06:30:33 PM: INFO: [+] -> Maximizing the windows
02/27/2025 06:30:33 PM: INFO: [+] -> Verifying the title
02/27/2025 06:30:33 PM: INFO: [+] -> Title verification passed
02/27/2025 06:30:37 PM: INFO: [+] -> Opening the Home page
02/27/2025 06:30:40 PM: INFO: [+] -> Maximizing the windows
02/27/2025 06:33:02 PM: INFO: [+] -> Opening the Home page
02/27/2025 06:33:03 PM: INFO: [+] -> Maximizing the windows
02/27/2025 06:33:03 PM: INFO: [+] -> Verifying the title
02/27/2025 06:33:03 PM: INFO: [+] -> Title verification passed
02/27/2025 06:33:07 PM: INFO: [+] -> Opening the Home page
02/27/2025 06:33:08 PM: INFO: [+] -> Maximizing the windows
02/27/2025 06:33:29 PM: INFO: [+] -> Opening the Home page
02/27/2025 06:33:30 PM: INFO: [+] -> Maximizing the windows
02/27/2025 06:33:30 PM: INFO: [+] -> Verifying the title
02/27/2025 06:33:30 PM: INFO: [+] -> Title verification passed
02/27/2025 06:33:33 PM: INFO: [+] -> Opening the Home page
02/27/2025 06:33:34 PM: INFO: [+] -> Maximizing the windows
